2022-02-12 16:10:33.214  INFO 64726 --- [restartedMain] com.lqs.SpringBootLoggerApplication      : Starting SpringBootLoggerApplication using Java 1.8.0_312 on rxrzl with PID 64726 (/home/lqs/桌面/JavaStudy/spring-boot-logger/target/classes started by lqs in /home/lqs/桌面/JavaStudy)
2022-02-12 16:10:33.215 DEBUG 64726 --- [restartedMain] com.lqs.SpringBootLoggerApplication      : Running with Spring Boot v2.6.3, Spring v5.3.15
2022-02-12 16:10:33.215  INFO 64726 --- [restartedMain] com.lqs.SpringBootLoggerApplication      : No active profile set, falling back to default profiles: default
2022-02-12 16:10:33.270  INFO 64726 --- [restartedMain] .e.DevToolsPropertyDefaultsPostProcessor : Devtools property defaults active! Set 'spring.devtools.add-properties' to 'false' to disable
2022-02-12 16:10:33.271  INFO 64726 --- [restartedMain] .e.DevToolsPropertyDefaultsPostProcessor : For additional web related logging consider setting the 'logging.level.web' property to 'DEBUG'
2022-02-12 16:10:34.015  INFO 64726 --- [restartedMain] o.s.b.w.embedded.tomcat.TomcatWebServer  : Tomcat initialized with port(s): 8080 (http)
2022-02-12 16:10:34.027  INFO 64726 --- [restartedMain] o.apache.catalina.core.StandardService   : Starting service [Tomcat]
2022-02-12 16:10:34.027  INFO 64726 --- [restartedMain] org.apache.catalina.core.StandardEngine  : Starting Servlet engine: [Apache Tomcat/9.0.56]
2022-02-12 16:10:34.084  INFO 64726 --- [restartedMain] o.a.c.c.C.[Tomcat].[localhost].[/]       : Initializing Spring embedded WebApplicationContext
2022-02-12 16:10:34.085  INFO 64726 --- [restartedMain] w.s.c.ServletWebServerApplicationContext : Root WebApplicationContext: initialization completed in 813 ms
2022-02-12 16:10:34.394  INFO 64726 --- [restartedMain] o.s.b.d.a.OptionalLiveReloadServer       : LiveReload server is running on port 35729
2022-02-12 16:10:34.429  INFO 64726 --- [restartedMain] o.s.b.w.embedded.tomcat.TomcatWebServer  : Tomcat started on port(s): 8080 (http) with context path ''
2022-02-12 16:10:34.437  INFO 64726 --- [restartedMain] com.lqs.SpringBootLoggerApplication      : Started SpringBootLoggerApplication in 1.638 seconds (JVM running for 2.257)
2022-02-12 16:10:35.633  INFO 64726 --- [http-nio-8080-exec-2] o.a.c.c.C.[Tomcat].[localhost].[/]       : Initializing Spring DispatcherServlet 'dispatcherServlet'
2022-02-12 16:10:35.633  INFO 64726 --- [http-nio-8080-exec-2] o.s.web.servlet.DispatcherServlet        : Initializing Servlet 'dispatcherServlet'
2022-02-12 16:10:35.635  INFO 64726 --- [http-nio-8080-exec-2] o.s.web.servlet.DispatcherServlet        : Completed initialization in 2 ms
2022-02-12 16:10:35.659 DEBUG 64726 --- [http-nio-8080-exec-2] com.lqs.controller.UserController        : haha
2022-02-12 16:10:35.659  INFO 64726 --- [http-nio-8080-exec-2] com.lqs.controller.UserController        : haa
2022-02-12 16:10:35.660  WARN 64726 --- [http-nio-8080-exec-2] com.lqs.controller.UserController        : hah
2022-02-12 16:10:35.660 ERROR 64726 --- [http-nio-8080-exec-2] com.lqs.controller.UserController        : hahah
2022-02-12 16:10:36.908  INFO 64726 --- [restartedMain] com.lqs.SpringBootLoggerApplication      : Starting SpringBootLoggerApplication using Java 1.8.0_312 on rxrzl with PID 64726 (/home/lqs/桌面/JavaStudy/spring-boot-logger/target/classes started by lqs in /home/lqs/桌面/JavaStudy)
2022-02-12 16:10:36.908 DEBUG 64726 --- [restartedMain] com.lqs.SpringBootLoggerApplication      : Running with Spring Boot v2.6.3, Spring v5.3.15
2022-02-12 16:10:36.908  INFO 64726 --- [restartedMain] com.lqs.SpringBootLoggerApplication      : No active profile set, falling back to default profiles: default
2022-02-12 16:10:37.080  INFO 64726 --- [restartedMain] o.s.b.w.embedded.tomcat.TomcatWebServer  : Tomcat initialized with port(s): 8080 (http)
2022-02-12 16:10:37.081  INFO 64726 --- [restartedMain] o.apache.catalina.core.StandardService   : Starting service [Tomcat]
2022-02-12 16:10:37.081  INFO 64726 --- [restartedMain] org.apache.catalina.core.StandardEngine  : Starting Servlet engine: [Apache Tomcat/9.0.56]
2022-02-12 16:10:37.086  INFO 64726 --- [restartedMain] o.a.c.c.C.[Tomcat].[localhost].[/]       : Initializing Spring embedded WebApplicationContext
2022-02-12 16:10:37.086  INFO 64726 --- [restartedMain] w.s.c.ServletWebServerApplicationContext : Root WebApplicationContext: initialization completed in 176 ms
2022-02-12 16:10:37.203  INFO 64726 --- [restartedMain] o.s.b.d.a.OptionalLiveReloadServer       : LiveReload server is running on port 35729
2022-02-12 16:10:37.212  INFO 64726 --- [restartedMain] o.s.b.w.embedded.tomcat.TomcatWebServer  : Tomcat started on port(s): 8080 (http) with context path ''
2022-02-12 16:10:37.220  INFO 64726 --- [restartedMain] com.lqs.SpringBootLoggerApplication      : Started SpringBootLoggerApplication in 0.344 seconds (JVM running for 5.039)
2022-02-12 16:10:37.223  INFO 64726 --- [restartedMain] .ConditionEvaluationDeltaLoggingListener : Condition evaluation unchanged
2022-02-12 16:10:42.756  INFO 64726 --- [restartedMain] com.lqs.SpringBootLoggerApplication      : Starting SpringBootLoggerApplication using Java 1.8.0_312 on rxrzl with PID 64726 (/home/lqs/桌面/JavaStudy/spring-boot-logger/target/classes started by lqs in /home/lqs/桌面/JavaStudy)
2022-02-12 16:10:42.756 DEBUG 64726 --- [restartedMain] com.lqs.SpringBootLoggerApplication      : Running with Spring Boot v2.6.3, Spring v5.3.15
2022-02-12 16:10:42.756  INFO 64726 --- [restartedMain] com.lqs.SpringBootLoggerApplication      : No active profile set, falling back to default profiles: default
2022-02-12 16:10:42.902  INFO 64726 --- [restartedMain] o.s.b.w.embedded.tomcat.TomcatWebServer  : Tomcat initialized with port(s): 8080 (http)
2022-02-12 16:10:42.903  INFO 64726 --- [restartedMain] o.apache.catalina.core.StandardService   : Starting service [Tomcat]
2022-02-12 16:10:42.903  INFO 64726 --- [restartedMain] org.apache.catalina.core.StandardEngine  : Starting Servlet engine: [Apache Tomcat/9.0.56]
2022-02-12 16:10:42.908  INFO 64726 --- [restartedMain] o.a.c.c.C.[Tomcat].[localhost].[/]       : Initializing Spring embedded WebApplicationContext
2022-02-12 16:10:42.909  INFO 64726 --- [restartedMain] w.s.c.ServletWebServerApplicationContext : Root WebApplicationContext: initialization completed in 151 ms
2022-02-12 16:10:42.990  INFO 64726 --- [restartedMain] o.s.b.d.a.OptionalLiveReloadServer       : LiveReload server is running on port 35729
2022-02-12 16:10:43.002  INFO 64726 --- [restartedMain] o.s.b.w.embedded.tomcat.TomcatWebServer  : Tomcat started on port(s): 8080 (http) with context path ''
2022-02-12 16:10:43.007  INFO 64726 --- [restartedMain] com.lqs.SpringBootLoggerApplication      : Started SpringBootLoggerApplication in 0.279 seconds (JVM running for 10.826)
2022-02-12 16:10:43.009  INFO 64726 --- [restartedMain] .ConditionEvaluationDeltaLoggingListener : Condition evaluation unchanged
2022-02-12 16:10:58.528  INFO 64726 --- [restartedMain] com.lqs.SpringBootLoggerApplication      : Starting SpringBootLoggerApplication using Java 1.8.0_312 on rxrzl with PID 64726 (/home/lqs/桌面/JavaStudy/spring-boot-logger/target/classes started by lqs in /home/lqs/桌面/JavaStudy)
2022-02-12 16:10:58.529 DEBUG 64726 --- [restartedMain] com.lqs.SpringBootLoggerApplication      : Running with Spring Boot v2.6.3, Spring v5.3.15
2022-02-12 16:10:58.529  INFO 64726 --- [restartedMain] com.lqs.SpringBootLoggerApplication      : No active profile set, falling back to default profiles: default
2022-02-12 16:10:58.670  INFO 64726 --- [restartedMain] o.s.b.w.embedded.tomcat.TomcatWebServer  : Tomcat initialized with port(s): 8080 (http)
2022-02-12 16:10:58.670  INFO 64726 --- [restartedMain] o.apache.catalina.core.StandardService   : Starting service [Tomcat]
2022-02-12 16:10:58.670  INFO 64726 --- [restartedMain] org.apache.catalina.core.StandardEngine  : Starting Servlet engine: [Apache Tomcat/9.0.56]
2022-02-12 16:10:58.675  INFO 64726 --- [restartedMain] o.a.c.c.C.[Tomcat].[localhost].[/]       : Initializing Spring embedded WebApplicationContext
2022-02-12 16:10:58.675  INFO 64726 --- [restartedMain] w.s.c.ServletWebServerApplicationContext : Root WebApplicationContext: initialization completed in 144 ms
2022-02-12 16:10:58.743  INFO 64726 --- [restartedMain] o.s.b.d.a.OptionalLiveReloadServer       : LiveReload server is running on port 35729
2022-02-12 16:10:58.758  INFO 64726 --- [restartedMain] o.s.b.w.embedded.tomcat.TomcatWebServer  : Tomcat started on port(s): 8080 (http) with context path ''
2022-02-12 16:10:58.765  INFO 64726 --- [restartedMain] com.lqs.SpringBootLoggerApplication      : Started SpringBootLoggerApplication in 0.269 seconds (JVM running for 26.584)
2022-02-12 16:10:58.766  INFO 64726 --- [restartedMain] .ConditionEvaluationDeltaLoggingListener : Condition evaluation unchanged
2022-02-12 16:11:00.246  INFO 64726 --- [restartedMain] com.lqs.SpringBootLoggerApplication      : Starting SpringBootLoggerApplication using Java 1.8.0_312 on rxrzl with PID 64726 (/home/lqs/桌面/JavaStudy/spring-boot-logger/target/classes started by lqs in /home/lqs/桌面/JavaStudy)
2022-02-12 16:11:00.246 DEBUG 64726 --- [restartedMain] com.lqs.SpringBootLoggerApplication      : Running with Spring Boot v2.6.3, Spring v5.3.15
2022-02-12 16:11:00.247  INFO 64726 --- [restartedMain] com.lqs.SpringBootLoggerApplication      : No active profile set, falling back to default profiles: default
2022-02-12 16:11:00.372  INFO 64726 --- [restartedMain] o.s.b.w.embedded.tomcat.TomcatWebServer  : Tomcat initialized with port(s): 8080 (http)
2022-02-12 16:11:00.373  INFO 64726 --- [restartedMain] o.apache.catalina.core.StandardService   : Starting service [Tomcat]
2022-02-12 16:11:00.374  INFO 64726 --- [restartedMain] org.apache.catalina.core.StandardEngine  : Starting Servlet engine: [Apache Tomcat/9.0.56]
2022-02-12 16:11:00.376  INFO 64726 --- [restartedMain] o.a.c.c.C.[Tomcat].[localhost].[/]       : Initializing Spring embedded WebApplicationContext
2022-02-12 16:11:00.376  INFO 64726 --- [restartedMain] w.s.c.ServletWebServerApplicationContext : Root WebApplicationContext: initialization completed in 127 ms
2022-02-12 16:11:00.427  INFO 64726 --- [restartedMain] o.s.b.d.a.OptionalLiveReloadServer       : LiveReload server is running on port 35729
2022-02-12 16:11:00.434  INFO 64726 --- [restartedMain] o.s.b.w.embedded.tomcat.TomcatWebServer  : Tomcat started on port(s): 8080 (http) with context path ''
2022-02-12 16:11:00.437  INFO 64726 --- [restartedMain] com.lqs.SpringBootLoggerApplication      : Started SpringBootLoggerApplication in 0.219 seconds (JVM running for 28.257)
2022-02-12 16:11:00.439  INFO 64726 --- [restartedMain] .ConditionEvaluationDeltaLoggingListener : Condition evaluation unchanged
2022-02-12 16:11:01.784  INFO 64726 --- [http-nio-8080-exec-1] o.a.c.c.C.[Tomcat].[localhost].[/]       : Initializing Spring DispatcherServlet 'dispatcherServlet'
2022-02-12 16:11:01.785  INFO 64726 --- [http-nio-8080-exec-1] o.s.web.servlet.DispatcherServlet        : Initializing Servlet 'dispatcherServlet'
2022-02-12 16:11:01.785  INFO 64726 --- [http-nio-8080-exec-1] o.s.web.servlet.DispatcherServlet        : Completed initialization in 0 ms
2022-02-12 16:11:01.786 DEBUG 64726 --- [http-nio-8080-exec-1] com.lqs.controller.UserController        : haha
2022-02-12 16:11:01.786  INFO 64726 --- [http-nio-8080-exec-1] com.lqs.controller.UserController        : haa
2022-02-12 16:11:01.786  WARN 64726 --- [http-nio-8080-exec-1] com.lqs.controller.UserController        : hah
2022-02-12 16:11:01.786 ERROR 64726 --- [http-nio-8080-exec-1] com.lqs.controller.UserController        : hahah
2022-02-12 16:15:34.829  INFO 65304 --- [restartedMain] com.lqs.SpringBootLoggerApplication      : Starting SpringBootLoggerApplication using Java 1.8.0_312 on rxrzl with PID 65304 (/home/lqs/桌面/JavaStudy/spring-boot-logger/target/classes started by lqs in /home/lqs/桌面/JavaStudy)
2022-02-12 16:15:34.831 DEBUG 65304 --- [restartedMain] com.lqs.SpringBootLoggerApplication      : Running with Spring Boot v2.6.3, Spring v5.3.15
2022-02-12 16:15:34.831  INFO 65304 --- [restartedMain] com.lqs.SpringBootLoggerApplication      : No active profile set, falling back to default profiles: default
2022-02-12 16:15:34.885  INFO 65304 --- [restartedMain] .e.DevToolsPropertyDefaultsPostProcessor : Devtools property defaults active! Set 'spring.devtools.add-properties' to 'false' to disable
2022-02-12 16:15:34.885  INFO 65304 --- [restartedMain] .e.DevToolsPropertyDefaultsPostProcessor : For additional web related logging consider setting the 'logging.level.web' property to 'DEBUG'
2022-02-12 16:15:36.013  INFO 65304 --- [restartedMain] o.s.b.w.embedded.tomcat.TomcatWebServer  : Tomcat initialized with port(s): 8080 (http)
2022-02-12 16:15:36.021  INFO 65304 --- [restartedMain] o.apache.catalina.core.StandardService   : Starting service [Tomcat]
2022-02-12 16:15:36.021  INFO 65304 --- [restartedMain] org.apache.catalina.core.StandardEngine  : Starting Servlet engine: [Apache Tomcat/9.0.56]
2022-02-12 16:15:36.061  INFO 65304 --- [restartedMain] o.a.c.c.C.[Tomcat].[localhost].[/]       : Initializing Spring embedded WebApplicationContext
2022-02-12 16:15:36.061  INFO 65304 --- [restartedMain] w.s.c.ServletWebServerApplicationContext : Root WebApplicationContext: initialization completed in 1175 ms
2022-02-12 16:15:36.307  INFO 65304 --- [restartedMain] o.s.b.d.a.OptionalLiveReloadServer       : LiveReload server is running on port 35729
2022-02-12 16:15:36.328  INFO 65304 --- [restartedMain] o.s.b.w.embedded.tomcat.TomcatWebServer  : Tomcat started on port(s): 8080 (http) with context path ''
2022-02-12 16:15:36.336  INFO 65304 --- [restartedMain] com.lqs.SpringBootLoggerApplication      : Started SpringBootLoggerApplication in 1.886 seconds (JVM running for 2.396)
2022-02-12 16:15:39.000  INFO 65414 --- [restartedMain] com.lqs.SpringBootLoggerApplication      : Starting SpringBootLoggerApplication using Java 1.8.0_312 on rxrzl with PID 65414 (/home/lqs/桌面/JavaStudy/spring-boot-logger/target/classes started by lqs in /home/lqs/桌面/JavaStudy)
2022-02-12 16:15:39.001 DEBUG 65414 --- [restartedMain] com.lqs.SpringBootLoggerApplication      : Running with Spring Boot v2.6.3, Spring v5.3.15
2022-02-12 16:15:39.002  INFO 65414 --- [restartedMain] com.lqs.SpringBootLoggerApplication      : No active profile set, falling back to default profiles: default
2022-02-12 16:15:39.061  INFO 65414 --- [restartedMain] .e.DevToolsPropertyDefaultsPostProcessor : Devtools property defaults active! Set 'spring.devtools.add-properties' to 'false' to disable
2022-02-12 16:15:39.062  INFO 65414 --- [restartedMain] .e.DevToolsPropertyDefaultsPostProcessor : For additional web related logging consider setting the 'logging.level.web' property to 'DEBUG'
2022-02-12 16:15:39.940  INFO 65414 --- [restartedMain] o.s.b.w.embedded.tomcat.TomcatWebServer  : Tomcat initialized with port(s): 8080 (http)
2022-02-12 16:15:39.946  INFO 65414 --- [restartedMain] o.apache.catalina.core.StandardService   : Starting service [Tomcat]
2022-02-12 16:15:39.947  INFO 65414 --- [restartedMain] org.apache.catalina.core.StandardEngine  : Starting Servlet engine: [Apache Tomcat/9.0.56]
2022-02-12 16:15:39.980  INFO 65414 --- [restartedMain] o.a.c.c.C.[Tomcat].[localhost].[/]       : Initializing Spring embedded WebApplicationContext
2022-02-12 16:15:39.980  INFO 65414 --- [restartedMain] w.s.c.ServletWebServerApplicationContext : Root WebApplicationContext: initialization completed in 917 ms
2022-02-12 16:15:40.243  INFO 65414 --- [restartedMain] o.s.b.d.a.OptionalLiveReloadServer       : LiveReload server is running on port 35729
2022-02-12 16:15:40.262  INFO 65414 --- [restartedMain] o.s.b.w.embedded.tomcat.TomcatWebServer  : Tomcat started on port(s): 8080 (http) with context path ''
2022-02-12 16:15:40.270  INFO 65414 --- [restartedMain] com.lqs.SpringBootLoggerApplication      : Started SpringBootLoggerApplication in 1.722 seconds (JVM running for 2.215)
2022-02-12 16:15:41.839  INFO 65414 --- [http-nio-8080-exec-2] o.a.c.c.C.[Tomcat].[localhost].[/]       : Initializing Spring DispatcherServlet 'dispatcherServlet'
2022-02-12 16:15:41.840  INFO 65414 --- [http-nio-8080-exec-2] o.s.web.servlet.DispatcherServlet        : Initializing Servlet 'dispatcherServlet'
2022-02-12 16:15:41.841  INFO 65414 --- [http-nio-8080-exec-2] o.s.web.servlet.DispatcherServlet        : Completed initialization in 1 ms
2022-02-12 16:15:41.866 DEBUG 65414 --- [http-nio-8080-exec-2] com.lqs.controller.UserController        : haha
2022-02-12 16:15:41.866  INFO 65414 --- [http-nio-8080-exec-2] com.lqs.controller.UserController        : haa
2022-02-12 16:15:41.866  WARN 65414 --- [http-nio-8080-exec-2] com.lqs.controller.UserController        : hah
2022-02-12 16:15:41.866 ERROR 65414 --- [http-nio-8080-exec-2] com.lqs.controller.UserController        : hahah
2022-02-12 16:15:42.913 DEBUG 65414 --- [http-nio-8080-exec-3] com.lqs.controller.UserController        : haha
2022-02-12 16:15:42.913  INFO 65414 --- [http-nio-8080-exec-3] com.lqs.controller.UserController        : haa
2022-02-12 16:15:42.914  WARN 65414 --- [http-nio-8080-exec-3] com.lqs.controller.UserController        : hah
2022-02-12 16:15:42.914 ERROR 65414 --- [http-nio-8080-exec-3] com.lqs.controller.UserController        : hahah
2022-02-12 16:15:44.172 DEBUG 65414 --- [http-nio-8080-exec-4] com.lqs.controller.UserController        : haha
2022-02-12 16:15:44.172  INFO 65414 --- [http-nio-8080-exec-4] com.lqs.controller.UserController        : haa
2022-02-12 16:15:44.172  WARN 65414 --- [http-nio-8080-exec-4] com.lqs.controller.UserController        : hah
2022-02-12 16:15:44.173 ERROR 65414 --- [http-nio-8080-exec-4] com.lqs.controller.UserController        : hahah
2022-02-12 16:15:45.162 DEBUG 65414 --- [http-nio-8080-exec-5] com.lqs.controller.UserController        : haha
2022-02-12 16:15:45.162  INFO 65414 --- [http-nio-8080-exec-5] com.lqs.controller.UserController        : haa
2022-02-12 16:15:45.162  WARN 65414 --- [http-nio-8080-exec-5] com.lqs.controller.UserController        : hah
2022-02-12 16:15:45.162 ERROR 65414 --- [http-nio-8080-exec-5] com.lqs.controller.UserController        : hahah
2022-02-12 16:15:58.799  INFO 65414 --- [restartedMain] com.lqs.SpringBootLoggerApplication      : Starting SpringBootLoggerApplication using Java 1.8.0_312 on rxrzl with PID 65414 (/home/lqs/桌面/JavaStudy/spring-boot-logger/target/classes started by lqs in /home/lqs/桌面/JavaStudy)
2022-02-12 16:15:58.799 DEBUG 65414 --- [restartedMain] com.lqs.SpringBootLoggerApplication      : Running with Spring Boot v2.6.3, Spring v5.3.15
2022-02-12 16:15:58.799  INFO 65414 --- [restartedMain] com.lqs.SpringBootLoggerApplication      : No active profile set, falling back to default profiles: default
2022-02-12 16:15:58.970  INFO 65414 --- [restartedMain] o.s.b.w.embedded.tomcat.TomcatWebServer  : Tomcat initialized with port(s): 8080 (http)
2022-02-12 16:15:58.971  INFO 65414 --- [restartedMain] o.apache.catalina.core.StandardService   : Starting service [Tomcat]
2022-02-12 16:15:58.971  INFO 65414 --- [restartedMain] org.apache.catalina.core.StandardEngine  : Starting Servlet engine: [Apache Tomcat/9.0.56]
2022-02-12 16:15:58.975  INFO 65414 --- [restartedMain] o.a.c.c.C.[Tomcat].[localhost].[/]       : Initializing Spring embedded WebApplicationContext
2022-02-12 16:15:58.975  INFO 65414 --- [restartedMain] w.s.c.ServletWebServerApplicationContext : Root WebApplicationContext: initialization completed in 174 ms
2022-02-12 16:15:59.073  INFO 65414 --- [restartedMain] o.s.b.d.a.OptionalLiveReloadServer       : LiveReload server is running on port 35729
2022-02-12 16:15:59.085  INFO 65414 --- [restartedMain] o.s.b.w.embedded.tomcat.TomcatWebServer  : Tomcat started on port(s): 8080 (http) with context path ''
2022-02-12 16:15:59.093  INFO 65414 --- [restartedMain] com.lqs.SpringBootLoggerApplication      : Started SpringBootLoggerApplication in 0.324 seconds (JVM running for 21.037)
2022-02-12 16:15:59.095  INFO 65414 --- [restartedMain] .ConditionEvaluationDeltaLoggingListener : Condition evaluation unchanged
2022-02-12 16:16:00.575  INFO 65414 --- [restartedMain] com.lqs.SpringBootLoggerApplication      : Starting SpringBootLoggerApplication using Java 1.8.0_312 on rxrzl with PID 65414 (/home/lqs/桌面/JavaStudy/spring-boot-logger/target/classes started by lqs in /home/lqs/桌面/JavaStudy)
2022-02-12 16:16:00.575 DEBUG 65414 --- [restartedMain] com.lqs.SpringBootLoggerApplication      : Running with Spring Boot v2.6.3, Spring v5.3.15
2022-02-12 16:16:00.575  INFO 65414 --- [restartedMain] com.lqs.SpringBootLoggerApplication      : No active profile set, falling back to default profiles: default
2022-02-12 16:16:00.681  INFO 65414 --- [restartedMain] o.s.b.w.embedded.tomcat.TomcatWebServer  : Tomcat initialized with port(s): 8080 (http)
2022-02-12 16:16:00.682  INFO 65414 --- [restartedMain] o.apache.catalina.core.StandardService   : Starting service [Tomcat]
2022-02-12 16:16:00.682  INFO 65414 --- [restartedMain] org.apache.catalina.core.StandardEngine  : Starting Servlet engine: [Apache Tomcat/9.0.56]
2022-02-12 16:16:00.685  INFO 65414 --- [restartedMain] o.a.c.c.C.[Tomcat].[localhost].[/]       : Initializing Spring embedded WebApplicationContext
2022-02-12 16:16:00.686  INFO 65414 --- [restartedMain] w.s.c.ServletWebServerApplicationContext : Root WebApplicationContext: initialization completed in 109 ms
2022-02-12 16:16:00.746  INFO 65414 --- [restartedMain] o.s.b.d.a.OptionalLiveReloadServer       : LiveReload server is running on port 35729
2022-02-12 16:16:00.751  INFO 65414 --- [restartedMain] o.s.b.w.embedded.tomcat.TomcatWebServer  : Tomcat started on port(s): 8080 (http) with context path ''
2022-02-12 16:16:00.755  INFO 65414 --- [restartedMain] com.lqs.SpringBootLoggerApplication      : Started SpringBootLoggerApplication in 0.2 seconds (JVM running for 22.699)
2022-02-12 16:16:00.756  INFO 65414 --- [restartedMain] .ConditionEvaluationDeltaLoggingListener : Condition evaluation unchanged
2022-02-12 16:16:02.766  INFO 65414 --- [http-nio-8080-exec-2] o.a.c.c.C.[Tomcat].[localhost].[/]       : Initializing Spring DispatcherServlet 'dispatcherServlet'
2022-02-12 16:16:02.766  INFO 65414 --- [http-nio-8080-exec-2] o.s.web.servlet.DispatcherServlet        : Initializing Servlet 'dispatcherServlet'
2022-02-12 16:16:02.767  INFO 65414 --- [http-nio-8080-exec-2] o.s.web.servlet.DispatcherServlet        : Completed initialization in 0 ms
2022-02-12 16:16:02.768 DEBUG 65414 --- [http-nio-8080-exec-2] com.lqs.controller.UserController        : haha
2022-02-12 16:16:02.768  INFO 65414 --- [http-nio-8080-exec-2] com.lqs.controller.UserController        : haa
2022-02-12 16:16:02.768  WARN 65414 --- [http-nio-8080-exec-2] com.lqs.controller.UserController        : hah
2022-02-12 16:16:02.769 ERROR 65414 --- [http-nio-8080-exec-2] com.lqs.controller.UserController        : hahah
2022-02-12 16:17:17.945  INFO 65748 --- [main] com.lqs.SpringBootLoggerApplication      : Starting SpringBootLoggerApplication using Java 1.8.0_312 on rxrzl with PID 65748 (/home/lqs/桌面/JavaStudy/spring-boot-logger/target/classes started by lqs in /home/lqs/桌面/JavaStudy)
2022-02-12 16:17:17.947 DEBUG 65748 --- [main] com.lqs.SpringBootLoggerApplication      : Running with Spring Boot v2.6.3, Spring v5.3.15
2022-02-12 16:17:17.947  INFO 65748 --- [main] com.lqs.SpringBootLoggerApplication      : No active profile set, falling back to default profiles: default
2022-02-12 16:17:18.008  INFO 65748 --- [main] .e.DevToolsPropertyDefaultsPostProcessor : For additional web related logging consider setting the 'logging.level.web' property to 'DEBUG'
2022-02-12 16:17:18.778  INFO 65748 --- [main] o.s.b.w.embedded.tomcat.TomcatWebServer  : Tomcat initialized with port(s): 8080 (http)
2022-02-12 16:17:18.785  INFO 65748 --- [main] o.apache.catalina.core.StandardService   : Starting service [Tomcat]
2022-02-12 16:17:18.786  INFO 65748 --- [main] org.apache.catalina.core.StandardEngine  : Starting Servlet engine: [Apache Tomcat/9.0.56]
2022-02-12 16:17:18.825  INFO 65748 --- [main] o.a.c.c.C.[Tomcat].[localhost].[/]       : Initializing Spring embedded WebApplicationContext
2022-02-12 16:17:18.825  INFO 65748 --- [main] w.s.c.ServletWebServerApplicationContext : Root WebApplicationContext: initialization completed in 816 ms
2022-02-12 16:17:19.128  INFO 65748 --- [main] o.s.b.w.embedded.tomcat.TomcatWebServer  : Tomcat started on port(s): 8080 (http) with context path ''
2022-02-12 16:17:19.138  INFO 65748 --- [main] com.lqs.SpringBootLoggerApplication      : Started SpringBootLoggerApplication in 1.66 seconds (JVM running for 2.175)
2022-02-12 16:17:38.119  INFO 65748 --- [http-nio-8080-exec-1] o.a.c.c.C.[Tomcat].[localhost].[/]       : Initializing Spring DispatcherServlet 'dispatcherServlet'
2022-02-12 16:17:38.120  INFO 65748 --- [http-nio-8080-exec-1] o.s.web.servlet.DispatcherServlet        : Initializing Servlet 'dispatcherServlet'
2022-02-12 16:17:38.120  INFO 65748 --- [http-nio-8080-exec-1] o.s.web.servlet.DispatcherServlet        : Completed initialization in 0 ms
2022-02-12 16:17:38.135 DEBUG 65748 --- [http-nio-8080-exec-1] com.lqs.controller.UserController        : haha
2022-02-12 16:17:38.135  INFO 65748 --- [http-nio-8080-exec-1] com.lqs.controller.UserController        : haa
2022-02-12 16:17:38.136  WARN 65748 --- [http-nio-8080-exec-1] com.lqs.controller.UserController        : hah
2022-02-12 16:17:38.136 ERROR 65748 --- [http-nio-8080-exec-1] com.lqs.controller.UserController        : hahah
2022-02-12 16:17:38.954 DEBUG 65748 --- [http-nio-8080-exec-3] com.lqs.controller.UserController        : haha
2022-02-12 16:17:38.954  INFO 65748 --- [http-nio-8080-exec-3] com.lqs.controller.UserController        : haa
2022-02-12 16:17:38.954  WARN 65748 --- [http-nio-8080-exec-3] com.lqs.controller.UserController        : hah
2022-02-12 16:17:38.954 ERROR 65748 --- [http-nio-8080-exec-3] com.lqs.controller.UserController        : hahah
2022-02-12 16:17:39.810 DEBUG 65748 --- [http-nio-8080-exec-4] com.lqs.controller.UserController        : haha
2022-02-12 16:17:39.811  INFO 65748 --- [http-nio-8080-exec-4] com.lqs.controller.UserController        : haa
2022-02-12 16:17:39.811  WARN 65748 --- [http-nio-8080-exec-4] com.lqs.controller.UserController        : hah
2022-02-12 16:17:39.811 ERROR 65748 --- [http-nio-8080-exec-4] com.lqs.controller.UserController        : hahah
2022-02-12 16:17:40.541 DEBUG 65748 --- [http-nio-8080-exec-5] com.lqs.controller.UserController        : haha
2022-02-12 16:17:40.541  INFO 65748 --- [http-nio-8080-exec-5] com.lqs.controller.UserController        : haa
2022-02-12 16:17:40.542  WARN 65748 --- [http-nio-8080-exec-5] com.lqs.controller.UserController        : hah
2022-02-12 16:17:40.542 ERROR 65748 --- [http-nio-8080-exec-5] com.lqs.controller.UserController        : hahah
2022-02-12 16:17:41.023 DEBUG 65748 --- [http-nio-8080-exec-6] com.lqs.controller.UserController        : haha
2022-02-12 16:17:41.023  INFO 65748 --- [http-nio-8080-exec-6] com.lqs.controller.UserController        : haa
2022-02-12 16:17:41.023  WARN 65748 --- [http-nio-8080-exec-6] com.lqs.controller.UserController        : hah
2022-02-12 16:17:41.023 ERROR 65748 --- [http-nio-8080-exec-6] com.lqs.controller.UserController        : hahah
